<?xml version="1.0" encoding="UTF-8"?>
<testsuite name="TestSuite" time="5.686" tests="8" errors="0" skipped="0" failures="0">
  <properties>
[...]
</properties>
  <testcase name="getPlaceAPI" classname="TestFramework.basics" time="2.883"/>
  <testcase name="createPlaceAPI" classname="TestFramework.basics2" time="0.18"/>
  <testcase name="AddandDeletePlace" classname="TestFramework.basics3" time="0.332"/>
  <testcase name="postDataXML" classname="TestFramework.basics4" time="0.132"/>
  <testcase name="extractingNamesAPI" classname="TestFramework.basics5" time="0.752"/>
  <testcase name="JiraAPICreateIssue" classname="TestFramework.basics6" time="0.591"/>
  <testcase name="JiraAPICreateComment" classname="TestFramework.basics7" time="0.486"/>
  <testcase name="JiraAPIUpdate" classname="TestFramework.basics8" time="0.33"/>
</testsuite>